running egg_info
creating ../../build/aliriza/aliriza.egg-info
writing ../../build/aliriza/aliriza.egg-info/PKG-INFO
writing dependency_links to ../../build/aliriza/aliriza.egg-info/dependency_links.txt
writing entry points to ../../build/aliriza/aliriza.egg-info/entry_points.txt
writing requirements to ../../build/aliriza/aliriza.egg-info/requires.txt
writing top-level names to ../../build/aliriza/aliriza.egg-info/top_level.txt
writing manifest file '../../build/aliriza/aliriza.egg-info/SOURCES.txt'
reading manifest file '../../build/aliriza/aliriza.egg-info/SOURCES.txt'
writing manifest file '../../build/aliriza/aliriza.egg-info/SOURCES.txt'
running build
running build_py
creating /home/user/ros2_ws/build/aliriza/build
creating /home/user/ros2_ws/build/aliriza/build/lib
creating /home/user/ros2_ws/build/aliriza/build/lib/aliriza
copying aliriza/__init__.py -> /home/user/ros2_ws/build/aliriza/build/lib/aliriza
running install
running install_lib
creating /home/user/ros2_ws/install/aliriza/lib/python3.8/site-packages/aliriza
copying /home/user/ros2_ws/build/aliriza/build/lib/aliriza/__init__.py -> /home/user/ros2_ws/install/aliriza/lib/python3.8/site-packages/aliriza
byte-compiling /home/user/ros2_ws/install/aliriza/lib/python3.8/site-packages/aliriza/__init__.py to __init__.cpython-38.pyc
running install_data
creating /home/user/ros2_ws/install/aliriza/share/ament_index
creating /home/user/ros2_ws/install/aliriza/share/ament_index/resource_index
creating /home/user/ros2_ws/install/aliriza/share/ament_index/resource_index/packages
copying resource/aliriza -> /home/user/ros2_ws/install/aliriza/share/ament_index/resource_index/packages
copying package.xml -> /home/user/ros2_ws/install/aliriza/share/aliriza
running install_egg_info
Copying ../../build/aliriza/aliriza.egg-info to /home/user/ros2_ws/install/aliriza/lib/python3.8/site-packages/aliriza-0.0.0-py3.8.egg-info
running install_scripts
writing list of installed files to '/home/user/ros2_ws/build/aliriza/install.log'
