[0.712s] Invoking command in '/home/user/ros2_ws/src/aliriza': PYTHONPATH=/home/user/ros2_ws/build/aliriza/prefix_override:/home/user/ros2_ws/install/aliriza/lib/python3.8/site-packages:${PYTHONPATH} /usr/bin/python3 setup.py egg_info --egg-base ../../build/aliriza build --build-base /home/user/ros2_ws/build/aliriza/build install --record /home/user/ros2_ws/build/aliriza/install.log --install-scripts $base/lib/aliriza --single-version-externally-managed
[0.865s] running egg_info
[0.866s] writing ../../build/aliriza/aliriza.egg-info/PKG-INFO
[0.866s] writing dependency_links to ../../build/aliriza/aliriza.egg-info/dependency_links.txt
[0.866s] writing entry points to ../../build/aliriza/aliriza.egg-info/entry_points.txt
[0.866s] writing requirements to ../../build/aliriza/aliriza.egg-info/requires.txt
[0.866s] writing top-level names to ../../build/aliriza/aliriza.egg-info/top_level.txt
[0.891s] reading manifest file '../../build/aliriza/aliriza.egg-info/SOURCES.txt'
[0.892s] writing manifest file '../../build/aliriza/aliriza.egg-info/SOURCES.txt'
[0.892s] running build
[0.892s] running build_py
[0.892s] copying aliriza/publisher.py -> /home/user/ros2_ws/build/aliriza/build/lib/aliriza
[0.892s] copying aliriza/subscriber.py -> /home/user/ros2_ws/build/aliriza/build/lib/aliriza
[0.892s] running install
[0.893s] running install_lib
[0.894s] copying /home/user/ros2_ws/build/aliriza/build/lib/aliriza/publisher.py -> /home/user/ros2_ws/install/aliriza/lib/python3.8/site-packages/aliriza
[0.894s] copying /home/user/ros2_ws/build/aliriza/build/lib/aliriza/subscriber.py -> /home/user/ros2_ws/install/aliriza/lib/python3.8/site-packages/aliriza
[0.894s] byte-compiling /home/user/ros2_ws/install/aliriza/lib/python3.8/site-packages/aliriza/publisher.py to publisher.cpython-38.pyc
[0.895s] byte-compiling /home/user/ros2_ws/install/aliriza/lib/python3.8/site-packages/aliriza/subscriber.py to subscriber.cpython-38.pyc
[0.896s] running install_data
[0.896s] running install_egg_info
[0.897s] removing '/home/user/ros2_ws/install/aliriza/lib/python3.8/site-packages/aliriza-0.0.0-py3.8.egg-info' (and everything under it)
[0.898s] Copying ../../build/aliriza/aliriza.egg-info to /home/user/ros2_ws/install/aliriza/lib/python3.8/site-packages/aliriza-0.0.0-py3.8.egg-info
[0.898s] running install_scripts
[0.911s] Installing listener script to /home/user/ros2_ws/install/aliriza/lib/aliriza
[0.911s] Installing talker script to /home/user/ros2_ws/install/aliriza/lib/aliriza
[0.911s] writing list of installed files to '/home/user/ros2_ws/build/aliriza/install.log'
[0.932s] Invoked command in '/home/user/ros2_ws/src/aliriza' returned '0': PYTHONPATH=/home/user/ros2_ws/build/aliriza/prefix_override:/home/user/ros2_ws/install/aliriza/lib/python3.8/site-packages:${PYTHONPATH} /usr/bin/python3 setup.py egg_info --egg-base ../../build/aliriza build --build-base /home/user/ros2_ws/build/aliriza/build install --record /home/user/ros2_ws/build/aliriza/install.log --install-scripts $base/lib/aliriza --single-version-externally-managed
