[0.703s] Invoking command in '/home/user/ros2_ws/src/aliriza': PYTHONPATH=/home/user/ros2_ws/build/aliriza/prefix_override:/home/user/ros2_ws/install/aliriza/lib/python3.8/site-packages:${PYTHONPATH} /usr/bin/python3 setup.py egg_info --egg-base ../../build/aliriza build --build-base /home/user/ros2_ws/build/aliriza/build install --record /home/user/ros2_ws/build/aliriza/install.log --install-scripts $base/lib/aliriza --single-version-externally-managed
[0.845s] running egg_info
[0.846s] writing ../../build/aliriza/aliriza.egg-info/PKG-INFO
[0.846s] writing dependency_links to ../../build/aliriza/aliriza.egg-info/dependency_links.txt
[0.846s] writing entry points to ../../build/aliriza/aliriza.egg-info/entry_points.txt
[0.846s] writing requirements to ../../build/aliriza/aliriza.egg-info/requires.txt
[0.846s] writing top-level names to ../../build/aliriza/aliriza.egg-info/top_level.txt
[0.871s] reading manifest file '../../build/aliriza/aliriza.egg-info/SOURCES.txt'
[0.871s] writing manifest file '../../build/aliriza/aliriza.egg-info/SOURCES.txt'
[0.871s] running build
[0.872s] running build_py
[0.872s] running install
[0.872s] running install_lib
[0.873s] running install_data
[0.873s] running install_egg_info
[0.874s] removing '/home/user/ros2_ws/install/aliriza/lib/python3.8/site-packages/aliriza-0.0.0-py3.8.egg-info' (and everything under it)
[0.874s] Copying ../../build/aliriza/aliriza.egg-info to /home/user/ros2_ws/install/aliriza/lib/python3.8/site-packages/aliriza-0.0.0-py3.8.egg-info
[0.875s] running install_scripts
[0.887s] Installing listener script to /home/user/ros2_ws/install/aliriza/lib/aliriza
[0.887s] Installing talker script to /home/user/ros2_ws/install/aliriza/lib/aliriza
[0.887s] writing list of installed files to '/home/user/ros2_ws/build/aliriza/install.log'
[0.908s] Invoked command in '/home/user/ros2_ws/src/aliriza' returned '0': PYTHONPATH=/home/user/ros2_ws/build/aliriza/prefix_override:/home/user/ros2_ws/install/aliriza/lib/python3.8/site-packages:${PYTHONPATH} /usr/bin/python3 setup.py egg_info --egg-base ../../build/aliriza build --build-base /home/user/ros2_ws/build/aliriza/build install --record /home/user/ros2_ws/build/aliriza/install.log --install-scripts $base/lib/aliriza --single-version-externally-managed
