running egg_info
writing ../../build/aliriza/aliriza.egg-info/PKG-INFO
writing dependency_links to ../../build/aliriza/aliriza.egg-info/dependency_links.txt
writing entry points to ../../build/aliriza/aliriza.egg-info/entry_points.txt
writing requirements to ../../build/aliriza/aliriza.egg-info/requires.txt
writing top-level names to ../../build/aliriza/aliriza.egg-info/top_level.txt
reading manifest file '../../build/aliriza/aliriza.egg-info/SOURCES.txt'
writing manifest file '../../build/aliriza/aliriza.egg-info/SOURCES.txt'
running build
running build_py
copying aliriza/publisher.py -> /home/user/ros2_ws/build/aliriza/build/lib/aliriza
copying aliriza/subscriber.py -> /home/user/ros2_ws/build/aliriza/build/lib/aliriza
running install
running install_lib
copying /home/user/ros2_ws/build/aliriza/build/lib/aliriza/publisher.py -> /home/user/ros2_ws/install/aliriza/lib/python3.8/site-packages/aliriza
copying /home/user/ros2_ws/build/aliriza/build/lib/aliriza/subscriber.py -> /home/user/ros2_ws/install/aliriza/lib/python3.8/site-packages/aliriza
byte-compiling /home/user/ros2_ws/install/aliriza/lib/python3.8/site-packages/aliriza/publisher.py to publisher.cpython-38.pyc
byte-compiling /home/user/ros2_ws/install/aliriza/lib/python3.8/site-packages/aliriza/subscriber.py to subscriber.cpython-38.pyc
running install_data
copying package.xml -> /home/user/ros2_ws/install/aliriza/share/aliriza
running install_egg_info
removing '/home/user/ros2_ws/install/aliriza/lib/python3.8/site-packages/aliriza-0.0.0-py3.8.egg-info' (and everything under it)
Copying ../../build/aliriza/aliriza.egg-info to /home/user/ros2_ws/install/aliriza/lib/python3.8/site-packages/aliriza-0.0.0-py3.8.egg-info
running install_scripts
Installing listener script to /home/user/ros2_ws/install/aliriza/lib/aliriza
Installing talker script to /home/user/ros2_ws/install/aliriza/lib/aliriza
writing list of installed files to '/home/user/ros2_ws/build/aliriza/install.log'
